C:\Program Files (x86)\MSBuild\Microsoft.Cpp\v4.0\V140\Microsoft.CppBuild.targets(392,5): warning MSB8028: The intermediate directory (Debug\) contains files shared from another project (GrafZaj06.vcxproj).  This can lead to incorrect clean and rebuild behavior.
  stdafx.cpp
  GrafZaj07.cpp
i:\grafika\grafzaj07\grafzaj06\colorsr.h(21): warning C4838: conversion from 'double' to 'const GLfloat' requires a narrowing conversion
i:\grafika\grafzaj07\grafzaj06\colorsr.h(21): warning C4305: 'initializing': truncation from 'double' to 'const GLfloat'
i:\grafika\grafzaj07\grafzaj06\colorsr.h(26): warning C4838: conversion from 'double' to 'const GLfloat' requires a narrowing conversion
i:\grafika\grafzaj07\grafzaj06\colorsr.h(26): warning C4305: 'initializing': truncation from 'double' to 'const GLfloat'
i:\grafika\grafzaj07\grafzaj06\colorsr.h(36): warning C4838: conversion from 'double' to 'const GLfloat' requires a narrowing conversion
i:\grafika\grafzaj07\grafzaj06\colorsr.h(36): warning C4305: 'initializing': truncation from 'double' to 'const GLfloat'
i:\grafika\grafzaj07\grafzaj06\colorsr.h(43): warning C4838: conversion from 'double' to 'const GLfloat' requires a narrowing conversion
i:\grafika\grafzaj07\grafzaj06\colorsr.h(43): warning C4305: 'initializing': truncation from 'double' to 'const GLfloat'
i:\grafika\grafzaj07\grafzaj06\colorsr.h(50): warning C4838: conversion from 'double' to 'const GLfloat' requires a narrowing conversion
i:\grafika\grafzaj07\grafzaj06\colorsr.h(50): warning C4305: 'initializing': truncation from 'double' to 'const GLfloat'
i:\grafika\grafzaj07\grafzaj06\colorsr.h(55): warning C4838: conversion from 'double' to 'const GLfloat' requires a narrowing conversion
i:\grafika\grafzaj07\grafzaj06\colorsr.h(55): warning C4305: 'initializing': truncation from 'double' to 'const GLfloat'
i:\grafika\grafzaj07\grafzaj06\colorsr.h(67): warning C4838: conversion from 'double' to 'const GLfloat' requires a narrowing conversion
i:\grafika\grafzaj07\grafzaj06\colorsr.h(67): warning C4305: 'initializing': truncation from 'double' to 'const GLfloat'
i:\grafika\grafzaj07\grafzaj06\colorsr.h(81): warning C4838: conversion from 'double' to 'const GLfloat' requires a narrowing conversion
i:\grafika\grafzaj07\grafzaj06\colorsr.h(81): warning C4305: 'initializing': truncation from 'double' to 'const GLfloat'
i:\grafika\grafzaj07\grafzaj06\colorsr.h(88): warning C4838: conversion from 'double' to 'const GLfloat' requires a narrowing conversion
i:\grafika\grafzaj07\grafzaj06\colorsr.h(88): warning C4305: 'initializing': truncation from 'double' to 'const GLfloat'
i:\grafika\grafzaj07\grafzaj06\colorsr.h(93): warning C4838: conversion from 'double' to 'const GLfloat' requires a narrowing conversion
i:\grafika\grafzaj07\grafzaj06\colorsr.h(93): warning C4305: 'initializing': truncation from 'double' to 'const GLfloat'
i:\grafika\grafzaj07\grafzaj06\colorsr.h(98): warning C4838: conversion from 'double' to 'const GLfloat' requires a narrowing conversion
i:\grafika\grafzaj07\grafzaj06\colorsr.h(98): warning C4305: 'initializing': truncation from 'double' to 'const GLfloat'
i:\grafika\grafzaj07\grafzaj06\colorsr.h(103): warning C4838: conversion from 'double' to 'const GLfloat' requires a narrowing conversion
i:\grafika\grafzaj07\grafzaj06\colorsr.h(103): warning C4305: 'initializing': truncation from 'double' to 'const GLfloat'
i:\grafika\grafzaj07\grafzaj06\colorsr.h(110): warning C4838: conversion from 'double' to 'const GLfloat' requires a narrowing conversion
i:\grafika\grafzaj07\grafzaj06\colorsr.h(110): warning C4305: 'initializing': truncation from 'double' to 'const GLfloat'
i:\grafika\grafzaj07\grafzaj06\colorsr.h(117): warning C4838: conversion from 'double' to 'const GLfloat' requires a narrowing conversion
i:\grafika\grafzaj07\grafzaj06\colorsr.h(117): warning C4305: 'initializing': truncation from 'double' to 'const GLfloat'
i:\grafika\grafzaj07\grafzaj06\colorsr.h(122): warning C4838: conversion from 'double' to 'const GLfloat' requires a narrowing conversion
i:\grafika\grafzaj07\grafzaj06\colorsr.h(122): warning C4305: 'initializing': truncation from 'double' to 'const GLfloat'
i:\grafika\grafzaj07\grafzaj06\colorsr.h(127): warning C4838: conversion from 'double' to 'const GLfloat' requires a narrowing conversion
i:\grafika\grafzaj07\grafzaj06\colorsr.h(127): warning C4305: 'initializing': truncation from 'double' to 'const GLfloat'
i:\grafika\grafzaj07\grafzaj06\colorsr.h(134): warning C4838: conversion from 'double' to 'const GLfloat' requires a narrowing conversion
i:\grafika\grafzaj07\grafzaj06\colorsr.h(134): warning C4305: 'initializing': truncation from 'double' to 'const GLfloat'
i:\grafika\grafzaj07\grafzaj06\colorsr.h(148): warning C4838: conversion from 'double' to 'const GLfloat' requires a narrowing conversion
i:\grafika\grafzaj07\grafzaj06\colorsr.h(148): warning C4305: 'initializing': truncation from 'double' to 'const GLfloat'
i:\grafika\grafzaj07\grafzaj06\colorsr.h(155): warning C4838: conversion from 'double' to 'const GLfloat' requires a narrowing conversion
i:\grafika\grafzaj07\grafzaj06\colorsr.h(155): warning C4305: 'initializing': truncation from 'double' to 'const GLfloat'
i:\grafika\grafzaj07\grafzaj06\colorsr.h(160): warning C4838: conversion from 'double' to 'const GLfloat' requires a narrowing conversion
i:\grafika\grafzaj07\grafzaj06\colorsr.h(160): warning C4305: 'initializing': truncation from 'double' to 'const GLfloat'
i:\grafika\grafzaj07\grafzaj06\colorsr.h(167): warning C4838: conversion from 'double' to 'const GLfloat' requires a narrowing conversion
i:\grafika\grafzaj07\grafzaj06\colorsr.h(167): warning C4305: 'initializing': truncation from 'double' to 'const GLfloat'
i:\grafika\grafzaj07\grafzaj06\colorsr.h(174): warning C4838: conversion from 'double' to 'const GLfloat' requires a narrowing conversion
i:\grafika\grafzaj07\grafzaj06\colorsr.h(174): warning C4305: 'initializing': truncation from 'double' to 'const GLfloat'
i:\grafika\grafzaj07\grafzaj06\colorsr.h(181): warning C4838: conversion from 'double' to 'const GLfloat' requires a narrowing conversion
i:\grafika\grafzaj07\grafzaj06\colorsr.h(181): warning C4305: 'initializing': truncation from 'double' to 'const GLfloat'
i:\grafika\grafzaj07\grafzaj06\colorsr.h(188): warning C4838: conversion from 'double' to 'const GLfloat' requires a narrowing conversion
i:\grafika\grafzaj07\grafzaj06\colorsr.h(188): warning C4305: 'initializing': truncation from 'double' to 'const GLfloat'
i:\grafika\grafzaj07\grafzaj06\colorsr.h(193): warning C4838: conversion from 'double' to 'const GLfloat' requires a narrowing conversion
i:\grafika\grafzaj07\grafzaj06\colorsr.h(193): warning C4305: 'initializing': truncation from 'double' to 'const GLfloat'
i:\grafika\grafzaj07\grafzaj06\colorsr.h(200): warning C4838: conversion from 'double' to 'const GLfloat' requires a narrowing conversion
i:\grafika\grafzaj07\grafzaj06\colorsr.h(200): warning C4305: 'initializing': truncation from 'double' to 'const GLfloat'
i:\grafika\grafzaj07\grafzaj06\colorsr.h(205): warning C4838: conversion from 'double' to 'const GLfloat' requires a narrowing conversion
i:\grafika\grafzaj07\grafzaj06\colorsr.h(205): warning C4305: 'initializing': truncation from 'double' to 'const GLfloat'
i:\grafika\grafzaj07\grafzaj06\colorsr.h(212): warning C4838: conversion from 'double' to 'const GLfloat' requires a narrowing conversion
i:\grafika\grafzaj07\grafzaj06\colorsr.h(212): warning C4305: 'initializing': truncation from 'double' to 'const GLfloat'
i:\grafika\grafzaj07\grafzaj06\colorsr.h(217): warning C4838: conversion from 'double' to 'const GLfloat' requires a narrowing conversion
i:\grafika\grafzaj07\grafzaj06\colorsr.h(217): warning C4305: 'initializing': truncation from 'double' to 'const GLfloat'
i:\grafika\grafzaj07\grafzaj06\colorsr.h(222): warning C4838: conversion from 'double' to 'const GLfloat' requires a narrowing conversion
i:\grafika\grafzaj07\grafzaj06\colorsr.h(222): warning C4305: 'initializing': truncation from 'double' to 'const GLfloat'
i:\grafika\grafzaj07\grafzaj06\colorsr.h(227): warning C4838: conversion from 'double' to 'const GLfloat' requires a narrowing conversion
i:\grafika\grafzaj07\grafzaj06\colorsr.h(227): warning C4305: 'initializing': truncation from 'double' to 'const GLfloat'
i:\grafika\grafzaj07\grafzaj06\colorsr.h(232): warning C4838: conversion from 'double' to 'const GLfloat' requires a narrowing conversion
i:\grafika\grafzaj07\grafzaj06\colorsr.h(232): warning C4305: 'initializing': truncation from 'double' to 'const GLfloat'
i:\grafika\grafzaj07\grafzaj06\colorsr.h(237): warning C4838: conversion from 'double' to 'const GLfloat' requires a narrowing conversion
i:\grafika\grafzaj07\grafzaj06\colorsr.h(237): warning C4305: 'initializing': truncation from 'double' to 'const GLfloat'
i:\grafika\grafzaj07\grafzaj06\colorsr.h(244): warning C4838: conversion from 'double' to 'const GLfloat' requires a narrowing conversion
i:\grafika\grafzaj07\grafzaj06\colorsr.h(244): warning C4305: 'initializing': truncation from 'double' to 'const GLfloat'
i:\grafika\grafzaj07\grafzaj06\colorsr.h(249): warning C4838: conversion from 'double' to 'const GLfloat' requires a narrowing conversion
i:\grafika\grafzaj07\grafzaj06\colorsr.h(249): warning C4305: 'initializing': truncation from 'double' to 'const GLfloat'
i:\grafika\grafzaj07\grafzaj06\colorsr.h(254): warning C4838: conversion from 'double' to 'const GLfloat' requires a narrowing conversion
i:\grafika\grafzaj07\grafzaj06\colorsr.h(254): warning C4305: 'initializing': truncation from 'double' to 'const GLfloat'
i:\grafika\grafzaj07\grafzaj06\colorsr.h(259): warning C4838: conversion from 'double' to 'const GLfloat' requires a narrowing conversion
i:\grafika\grafzaj07\grafzaj06\colorsr.h(259): warning C4305: 'initializing': truncation from 'double' to 'const GLfloat'
i:\grafika\grafzaj07\grafzaj06\colorsr.h(264): warning C4838: conversion from 'double' to 'const GLfloat' requires a narrowing conversion
i:\grafika\grafzaj07\grafzaj06\colorsr.h(264): warning C4305: 'initializing': truncation from 'double' to 'const GLfloat'
i:\grafika\grafzaj07\grafzaj06\colorsr.h(269): warning C4838: conversion from 'double' to 'const GLfloat' requires a narrowing conversion
i:\grafika\grafzaj07\grafzaj06\colorsr.h(269): warning C4305: 'initializing': truncation from 'double' to 'const GLfloat'
i:\grafika\grafzaj07\grafzaj06\colorsr.h(274): warning C4838: conversion from 'double' to 'const GLfloat' requires a narrowing conversion
i:\grafika\grafzaj07\grafzaj06\colorsr.h(274): warning C4305: 'initializing': truncation from 'double' to 'const GLfloat'
i:\grafika\grafzaj07\grafzaj06\colorsr.h(279): warning C4838: conversion from 'double' to 'const GLfloat' requires a narrowing conversion
i:\grafika\grafzaj07\grafzaj06\colorsr.h(279): warning C4305: 'initializing': truncation from 'double' to 'const GLfloat'
i:\grafika\grafzaj07\grafzaj06\colorsr.h(291): warning C4838: conversion from 'double' to 'const GLfloat' requires a narrowing conversion
i:\grafika\grafzaj07\grafzaj06\colorsr.h(291): warning C4305: 'initializing': truncation from 'double' to 'const GLfloat'
i:\grafika\grafzaj07\grafzaj06\colorsr.h(296): warning C4838: conversion from 'double' to 'const GLfloat' requires a narrowing conversion
i:\grafika\grafzaj07\grafzaj06\colorsr.h(296): warning C4305: 'initializing': truncation from 'double' to 'const GLfloat'
i:\grafika\grafzaj07\grafzaj06\colorsr.h(303): warning C4838: conversion from 'double' to 'const GLfloat' requires a narrowing conversion
i:\grafika\grafzaj07\grafzaj06\colorsr.h(303): warning C4305: 'initializing': truncation from 'double' to 'const GLfloat'
i:\grafika\grafzaj07\grafzaj06\colorsr.h(308): warning C4838: conversion from 'double' to 'const GLfloat' requires a narrowing conversion
i:\grafika\grafzaj07\grafzaj06\colorsr.h(308): warning C4305: 'initializing': truncation from 'double' to 'const GLfloat'
i:\grafika\grafzaj07\grafzaj06\colorsr.h(315): warning C4838: conversion from 'double' to 'const GLfloat' requires a narrowing conversion
i:\grafika\grafzaj07\grafzaj06\colorsr.h(315): warning C4305: 'initializing': truncation from 'double' to 'const GLfloat'
i:\grafika\grafzaj07\grafzaj06\colorsr.h(322): warning C4838: conversion from 'double' to 'const GLfloat' requires a narrowing conversion
i:\grafika\grafzaj07\grafzaj06\colorsr.h(322): warning C4305: 'initializing': truncation from 'double' to 'const GLfloat'
i:\grafika\grafzaj07\grafzaj06\colorsr.h(329): warning C4838: conversion from 'double' to 'const GLfloat' requires a narrowing conversion
i:\grafika\grafzaj07\grafzaj06\colorsr.h(329): warning C4305: 'initializing': truncation from 'double' to 'const GLfloat'
i:\grafika\grafzaj07\grafzaj06\colorsr.h(336): warning C4838: conversion from 'double' to 'const GLfloat' requires a narrowing conversion
i:\grafika\grafzaj07\grafzaj06\colorsr.h(336): warning C4305: 'initializing': truncation from 'double' to 'const GLfloat'
i:\grafika\grafzaj07\grafzaj06\colorsr.h(343): warning C4838: conversion from 'double' to 'const GLfloat' requires a narrowing conversion
i:\grafika\grafzaj07\grafzaj06\colorsr.h(343): warning C4305: 'initializing': truncation from 'double' to 'const GLfloat'
i:\grafika\grafzaj07\grafzaj06\colorsr.h(348): warning C4838: conversion from 'double' to 'const GLfloat' requires a narrowing conversion
i:\grafika\grafzaj07\grafzaj06\colorsr.h(348): warning C4305: 'initializing': truncation from 'double' to 'const GLfloat'
i:\grafika\grafzaj07\grafzaj06\colorsr.h(355): warning C4838: conversion from 'double' to 'const GLfloat' requires a narrowing conversion
i:\grafika\grafzaj07\grafzaj06\colorsr.h(355): warning C4305: 'initializing': truncation from 'double' to 'const GLfloat'
i:\grafika\grafzaj07\grafzaj06\colorsr.h(362): warning C4838: conversion from 'double' to 'const GLfloat' requires a narrowing conversion
i:\grafika\grafzaj07\grafzaj06\colorsr.h(362): warning C4305: 'initializing': truncation from 'double' to 'const GLfloat'
i:\grafika\grafzaj07\grafzaj06\colorsr.h(369): warning C4838: conversion from 'double' to 'const GLfloat' requires a narrowing conversion
i:\grafika\grafzaj07\grafzaj06\colorsr.h(369): warning C4305: 'initializing': truncation from 'double' to 'const GLfloat'
i:\grafika\grafzaj07\grafzaj06\colorsr.h(376): warning C4838: conversion from 'double' to 'const GLfloat' requires a narrowing conversion
i:\grafika\grafzaj07\grafzaj06\colorsr.h(376): warning C4305: 'initializing': truncation from 'double' to 'const GLfloat'
i:\grafika\grafzaj07\grafzaj06\colorsr.h(381): warning C4838: conversion from 'double' to 'const GLfloat' requires a narrowing conversion
i:\grafika\grafzaj07\grafzaj06\colorsr.h(381): warning C4305: 'initializing': truncation from 'double' to 'const GLfloat'
i:\grafika\grafzaj07\grafzaj06\colorsr.h(386): warning C4838: conversion from 'double' to 'const GLfloat' requires a narrowing conversion
i:\grafika\grafzaj07\grafzaj06\colorsr.h(386): warning C4305: 'initializing': truncation from 'double' to 'const GLfloat'
i:\grafika\grafzaj07\grafzaj06\colorsr.h(391): warning C4838: conversion from 'double' to 'const GLfloat' requires a narrowing conversion
i:\grafika\grafzaj07\grafzaj06\colorsr.h(391): warning C4305: 'initializing': truncation from 'double' to 'const GLfloat'
i:\grafika\grafzaj07\grafzaj06\colorsr.h(396): warning C4838: conversion from 'double' to 'const GLfloat' requires a narrowing conversion
i:\grafika\grafzaj07\grafzaj06\colorsr.h(396): warning C4305: 'initializing': truncation from 'double' to 'const GLfloat'
i:\grafika\grafzaj07\grafzaj06\colorsr.h(401): warning C4838: conversion from 'double' to 'const GLfloat' requires a narrowing conversion
i:\grafika\grafzaj07\grafzaj06\colorsr.h(401): warning C4305: 'initializing': truncation from 'double' to 'const GLfloat'
i:\grafika\grafzaj07\grafzaj06\colorsr.h(406): warning C4838: conversion from 'double' to 'const GLfloat' requires a narrowing conversion
i:\grafika\grafzaj07\grafzaj06\colorsr.h(406): warning C4305: 'initializing': truncation from 'double' to 'const GLfloat'
i:\grafika\grafzaj07\grafzaj06\colorsr.h(411): warning C4838: conversion from 'double' to 'const GLfloat' requires a narrowing conversion
i:\grafika\grafzaj07\grafzaj06\colorsr.h(411): warning C4305: 'initializing': truncation from 'double' to 'const GLfloat'
i:\grafika\grafzaj07\grafzaj06\colorsr.h(416): warning C4838: conversion from 'double' to 'const GLfloat' requires a narrowing conversion
i:\grafika\grafzaj07\grafzaj06\colorsr.h(416): warning C4305: 'initializing': truncation from 'double' to 'const GLfloat'
i:\grafika\grafzaj07\grafzaj06\colorsr.h(421): warning C4838: conversion from 'double' to 'const GLfloat' requires a narrowing conversion
i:\grafika\grafzaj07\grafzaj06\colorsr.h(421): warning C4305: 'initializing': truncation from 'double' to 'const GLfloat'
i:\grafika\grafzaj07\grafzaj06\colorsr.h(426): warning C4838: conversion from 'double' to 'const GLfloat' requires a narrowing conversion
i:\grafika\grafzaj07\grafzaj06\colorsr.h(426): warning C4305: 'initializing': truncation from 'double' to 'const GLfloat'
i:\grafika\grafzaj07\grafzaj06\colorsr.h(431): warning C4838: conversion from 'double' to 'const GLfloat' requires a narrowing conversion
i:\grafika\grafzaj07\grafzaj06\colorsr.h(431): warning C4305: 'initializing': truncation from 'double' to 'const GLfloat'
i:\grafika\grafzaj07\grafzaj06\colorsr.h(436): warning C4838: conversion from 'double' to 'const GLfloat' requires a narrowing conversion
i:\grafika\grafzaj07\grafzaj06\colorsr.h(436): warning C4305: 'initializing': truncation from 'double' to 'const GLfloat'
i:\grafika\grafzaj07\grafzaj06\colorsr.h(441): warning C4838: conversion from 'double' to 'const GLfloat' requires a narrowing conversion
i:\grafika\grafzaj07\grafzaj06\colorsr.h(441): warning C4305: 'initializing': truncation from 'double' to 'const GLfloat'
i:\grafika\grafzaj07\grafzaj06\colorsr.h(446): warning C4838: conversion from 'double' to 'const GLfloat' requires a narrowing conversion
i:\grafika\grafzaj07\grafzaj06\colorsr.h(446): warning C4305: 'initializing': truncation from 'double' to 'const GLfloat'
i:\grafika\grafzaj07\grafzaj06\colorsr.h(451): warning C4838: conversion from 'double' to 'const GLfloat' requires a narrowing conversion
i:\grafika\grafzaj07\grafzaj06\colorsr.h(451): warning C4305: 'initializing': truncation from 'double' to 'const GLfloat'
i:\grafika\grafzaj07\grafzaj06\colorsr.h(456): warning C4838: conversion from 'double' to 'const GLfloat' requires a narrowing conversion
i:\grafika\grafzaj07\grafzaj06\colorsr.h(456): warning C4305: 'initializing': truncation from 'double' to 'const GLfloat'
i:\grafika\grafzaj07\grafzaj06\colorsr.h(470): warning C4838: conversion from 'double' to 'const GLfloat' requires a narrowing conversion
i:\grafika\grafzaj07\grafzaj06\colorsr.h(470): warning C4305: 'initializing': truncation from 'double' to 'const GLfloat'
i:\grafika\grafzaj07\grafzaj06\colorsr.h(477): warning C4838: conversion from 'double' to 'const GLfloat' requires a narrowing conversion
i:\grafika\grafzaj07\grafzaj06\colorsr.h(477): warning C4305: 'initializing': truncation from 'double' to 'const GLfloat'
i:\grafika\grafzaj07\grafzaj06\colorsr.h(491): warning C4838: conversion from 'double' to 'const GLfloat' requires a narrowing conversion
i:\grafika\grafzaj07\grafzaj06\colorsr.h(491): warning C4305: 'initializing': truncation from 'double' to 'const GLfloat'
i:\grafika\grafzaj07\grafzaj06\colorsr.h(496): warning C4838: conversion from 'double' to 'const GLfloat' requires a narrowing conversion
i:\grafika\grafzaj07\grafzaj06\colorsr.h(496): warning C4305: 'initializing': truncation from 'double' to 'const GLfloat'
i:\grafika\grafzaj07\grafzaj06\colorsr.h(501): warning C4838: conversion from 'double' to 'const GLfloat' requires a narrowing conversion
i:\grafika\grafzaj07\grafzaj06\colorsr.h(501): warning C4305: 'initializing': truncation from 'double' to 'const GLfloat'
i:\grafika\grafzaj07\grafzaj06\colorsr.h(506): warning C4838: conversion from 'double' to 'const GLfloat' requires a narrowing conversion
i:\grafika\grafzaj07\grafzaj06\colorsr.h(506): warning C4305: 'initializing': truncation from 'double' to 'const GLfloat'
i:\grafika\grafzaj07\grafzaj06\colorsr.h(511): warning C4838: conversion from 'double' to 'const GLfloat' requires a narrowing conversion
i:\grafika\grafzaj07\grafzaj06\colorsr.h(511): warning C4305: 'initializing': truncation from 'double' to 'const GLfloat'
i:\grafika\grafzaj07\grafzaj06\colorsr.h(516): warning C4838: conversion from 'double' to 'const GLfloat' requires a narrowing conversion
i:\grafika\grafzaj07\grafzaj06\colorsr.h(516): warning C4305: 'initializing': truncation from 'double' to 'const GLfloat'
i:\grafika\grafzaj07\grafzaj06\colorsr.h(521): warning C4838: conversion from 'double' to 'const GLfloat' requires a narrowing conversion
i:\grafika\grafzaj07\grafzaj06\colorsr.h(521): warning C4305: 'initializing': truncation from 'double' to 'const GLfloat'
i:\grafika\grafzaj07\grafzaj06\colorsr.h(526): warning C4838: conversion from 'double' to 'const GLfloat' requires a narrowing conversion
i:\grafika\grafzaj07\grafzaj06\colorsr.h(526): warning C4305: 'initializing': truncation from 'double' to 'const GLfloat'
i:\grafika\grafzaj07\grafzaj06\colorsr.h(531): warning C4838: conversion from 'double' to 'const GLfloat' requires a narrowing conversion
i:\grafika\grafzaj07\grafzaj06\colorsr.h(531): warning C4305: 'initializing': truncation from 'double' to 'const GLfloat'
i:\grafika\grafzaj07\grafzaj06\colorsr.h(536): warning C4838: conversion from 'double' to 'const GLfloat' requires a narrowing conversion
i:\grafika\grafzaj07\grafzaj06\colorsr.h(536): warning C4305: 'initializing': truncation from 'double' to 'const GLfloat'
i:\grafika\grafzaj07\grafzaj06\colorsr.h(541): warning C4838: conversion from 'double' to 'const GLfloat' requires a narrowing conversion
i:\grafika\grafzaj07\grafzaj06\colorsr.h(541): warning C4305: 'initializing': truncation from 'double' to 'const GLfloat'
i:\grafika\grafzaj07\grafzaj06\colorsr.h(546): warning C4838: conversion from 'double' to 'const GLfloat' requires a narrowing conversion
i:\grafika\grafzaj07\grafzaj06\colorsr.h(546): warning C4305: 'initializing': truncation from 'double' to 'const GLfloat'
i:\grafika\grafzaj07\grafzaj06\colorsr.h(551): warning C4838: conversion from 'double' to 'const GLfloat' requires a narrowing conversion
i:\grafika\grafzaj07\grafzaj06\colorsr.h(551): warning C4305: 'initializing': truncation from 'double' to 'const GLfloat'
i:\grafika\grafzaj07\grafzaj06\colorsr.h(556): warning C4838: conversion from 'double' to 'const GLfloat' requires a narrowing conversion
i:\grafika\grafzaj07\grafzaj06\colorsr.h(556): warning C4305: 'initializing': truncation from 'double' to 'const GLfloat'
i:\grafika\grafzaj07\grafzaj06\colorsr.h(561): warning C4838: conversion from 'double' to 'const GLfloat' requires a narrowing conversion
i:\grafika\grafzaj07\grafzaj06\colorsr.h(561): warning C4305: 'initializing': truncation from 'double' to 'const GLfloat'
i:\grafika\grafzaj07\grafzaj06\colorsr.h(568): warning C4838: conversion from 'double' to 'const GLfloat' requires a narrowing conversion
i:\grafika\grafzaj07\grafzaj06\colorsr.h(568): warning C4305: 'initializing': truncation from 'double' to 'const GLfloat'
i:\grafika\grafzaj07\grafzaj06\colorsr.h(573): warning C4838: conversion from 'double' to 'const GLfloat' requires a narrowing conversion
i:\grafika\grafzaj07\grafzaj06\colorsr.h(573): warning C4305: 'initializing': truncation from 'double' to 'const GLfloat'
i:\grafika\grafzaj07\grafzaj06\colorsr.h(580): warning C4838: conversion from 'double' to 'const GLfloat' requires a narrowing conversion
i:\grafika\grafzaj07\grafzaj06\colorsr.h(580): warning C4305: 'initializing': truncation from 'double' to 'const GLfloat'
i:\grafika\grafzaj07\grafzaj06\colorsr.h(588): warning C4838: conversion from 'double' to 'const GLfloat' requires a narrowing conversion
i:\grafika\grafzaj07\grafzaj06\colorsr.h(588): warning C4305: 'initializing': truncation from 'double' to 'const GLfloat'
i:\grafika\grafzaj07\grafzaj06\colorsr.h(595): warning C4838: conversion from 'double' to 'const GLfloat' requires a narrowing conversion
i:\grafika\grafzaj07\grafzaj06\colorsr.h(595): warning C4305: 'initializing': truncation from 'double' to 'const GLfloat'
i:\grafika\grafzaj07\grafzaj06\colorsr.h(602): warning C4838: conversion from 'double' to 'const GLfloat' requires a narrowing conversion
i:\grafika\grafzaj07\grafzaj06\colorsr.h(602): warning C4305: 'initializing': truncation from 'double' to 'const GLfloat'
i:\grafika\grafzaj07\grafzaj06\colorsr.h(607): warning C4838: conversion from 'double' to 'const GLfloat' requires a narrowing conversion
i:\grafika\grafzaj07\grafzaj06\colorsr.h(607): warning C4305: 'initializing': truncation from 'double' to 'const GLfloat'
i:\grafika\grafzaj07\grafzaj06\colorsr.h(612): warning C4838: conversion from 'double' to 'const GLfloat' requires a narrowing conversion
i:\grafika\grafzaj07\grafzaj06\colorsr.h(612): warning C4305: 'initializing': truncation from 'double' to 'const GLfloat'
i:\grafika\grafzaj07\grafzaj06\colorsr.h(619): warning C4838: conversion from 'double' to 'const GLfloat' requires a narrowing conversion
i:\grafika\grafzaj07\grafzaj06\colorsr.h(619): warning C4305: 'initializing': truncation from 'double' to 'const GLfloat'
i:\grafika\grafzaj07\grafzaj06\colorsr.h(626): warning C4838: conversion from 'double' to 'const GLfloat' requires a narrowing conversion
i:\grafika\grafzaj07\grafzaj06\colorsr.h(626): warning C4305: 'initializing': truncation from 'double' to 'const GLfloat'
i:\grafika\grafzaj07\grafzaj06\colorsr.h(631): warning C4838: conversion from 'double' to 'const GLfloat' requires a narrowing conversion
i:\grafika\grafzaj07\grafzaj06\colorsr.h(631): warning C4305: 'initializing': truncation from 'double' to 'const GLfloat'
i:\grafika\grafzaj07\grafzaj06\colorsr.h(636): warning C4838: conversion from 'double' to 'const GLfloat' requires a narrowing conversion
i:\grafika\grafzaj07\grafzaj06\colorsr.h(636): warning C4305: 'initializing': truncation from 'double' to 'const GLfloat'
i:\grafika\grafzaj07\grafzaj06\colorsr.h(641): warning C4838: conversion from 'double' to 'const GLfloat' requires a narrowing conversion
i:\grafika\grafzaj07\grafzaj06\colorsr.h(641): warning C4305: 'initializing': truncation from 'double' to 'const GLfloat'
i:\grafika\grafzaj07\grafzaj06\colorsr.h(646): warning C4838: conversion from 'double' to 'const GLfloat' requires a narrowing conversion
i:\grafika\grafzaj07\grafzaj06\colorsr.h(646): warning C4305: 'initializing': truncation from 'double' to 'const GLfloat'
i:\grafika\grafzaj07\grafzaj06\colorsr.h(653): warning C4838: conversion from 'double' to 'const GLfloat' requires a narrowing conversion
i:\grafika\grafzaj07\grafzaj06\colorsr.h(653): warning C4305: 'initializing': truncation from 'double' to 'const GLfloat'
i:\grafika\grafzaj07\grafzaj06\colorsr.h(660): warning C4838: conversion from 'double' to 'const GLfloat' requires a narrowing conversion
i:\grafika\grafzaj07\grafzaj06\colorsr.h(660): warning C4305: 'initializing': truncation from 'double' to 'const GLfloat'
i:\grafika\grafzaj07\grafzaj06\colorsr.h(665): warning C4838: conversion from 'double' to 'const GLfloat' requires a narrowing conversion
i:\grafika\grafzaj07\grafzaj06\colorsr.h(665): warning C4305: 'initializing': truncation from 'double' to 'const GLfloat'
i:\grafika\grafzaj07\grafzaj06\colorsr.h(672): warning C4838: conversion from 'double' to 'const GLfloat' requires a narrowing conversion
i:\grafika\grafzaj07\grafzaj06\colorsr.h(672): warning C4305: 'initializing': truncation from 'double' to 'const GLfloat'
i:\grafika\grafzaj07\grafzaj06\colorsr.h(684): warning C4838: conversion from 'double' to 'const GLfloat' requires a narrowing conversion
i:\grafika\grafzaj07\grafzaj06\colorsr.h(684): warning C4305: 'initializing': truncation from 'double' to 'const GLfloat'
i:\grafika\grafzaj07\grafzaj06\colorsr.h(689): warning C4838: conversion from 'double' to 'const GLfloat' requires a narrowing conversion
i:\grafika\grafzaj07\grafzaj06\colorsr.h(689): warning C4305: 'initializing': truncation from 'double' to 'const GLfloat'
i:\grafika\grafzaj07\grafzaj06\colorsr.h(696): warning C4838: conversion from 'double' to 'const GLfloat' requires a narrowing conversion
i:\grafika\grafzaj07\grafzaj06\colorsr.h(696): warning C4305: 'initializing': truncation from 'double' to 'const GLfloat'
i:\grafika\grafzaj07\grafzaj06\colorsr.h(703): warning C4838: conversion from 'double' to 'const GLfloat' requires a narrowing conversion
i:\grafika\grafzaj07\grafzaj06\colorsr.h(703): warning C4305: 'initializing': truncation from 'double' to 'const GLfloat'
i:\grafika\grafzaj07\grafzaj06\colorsr.h(708): warning C4838: conversion from 'double' to 'const GLfloat' requires a narrowing conversion
i:\grafika\grafzaj07\grafzaj06\colorsr.h(708): warning C4305: 'initializing': truncation from 'double' to 'const GLfloat'
i:\grafika\grafzaj07\grafzaj06\colorsr.h(713): warning C4838: conversion from 'double' to 'const GLfloat' requires a narrowing conversion
i:\grafika\grafzaj07\grafzaj06\colorsr.h(713): warning C4305: 'initializing': truncation from 'double' to 'const GLfloat'
i:\grafika\grafzaj07\grafzaj06\colorsr.h(718): warning C4838: conversion from 'double' to 'const GLfloat' requires a narrowing conversion
i:\grafika\grafzaj07\grafzaj06\colorsr.h(718): warning C4305: 'initializing': truncation from 'double' to 'const GLfloat'
i:\grafika\grafzaj07\grafzaj06\colorsr.h(725): warning C4838: conversion from 'double' to 'const GLfloat' requires a narrowing conversion
i:\grafika\grafzaj07\grafzaj06\colorsr.h(725): warning C4305: 'initializing': truncation from 'double' to 'const GLfloat'
i:\grafika\grafzaj07\grafzaj06\colorsr.h(732): warning C4838: conversion from 'double' to 'const GLfloat' requires a narrowing conversion
i:\grafika\grafzaj07\grafzaj06\colorsr.h(732): warning C4305: 'initializing': truncation from 'double' to 'const GLfloat'
i:\grafika\grafzaj07\grafzaj06\colorsr.h(739): warning C4838: conversion from 'double' to 'const GLfloat' requires a narrowing conversion
i:\grafika\grafzaj07\grafzaj06\colorsr.h(739): warning C4305: 'initializing': truncation from 'double' to 'const GLfloat'
i:\grafika\grafzaj07\grafzaj06\colorsr.h(746): warning C4838: conversion from 'double' to 'const GLfloat' requires a narrowing conversion
i:\grafika\grafzaj07\grafzaj06\colorsr.h(746): warning C4305: 'initializing': truncation from 'double' to 'const GLfloat'
i:\grafika\grafzaj07\grafzaj06\colorsr.h(753): warning C4838: conversion from 'double' to 'const GLfloat' requires a narrowing conversion
i:\grafika\grafzaj07\grafzaj06\colorsr.h(753): warning C4305: 'initializing': truncation from 'double' to 'const GLfloat'
i:\grafika\grafzaj07\grafzaj06\colorsr.h(760): warning C4838: conversion from 'double' to 'const GLfloat' requires a narrowing conversion
i:\grafika\grafzaj07\grafzaj06\colorsr.h(760): warning C4305: 'initializing': truncation from 'double' to 'const GLfloat'
i:\grafika\grafzaj07\grafzaj06\colorsr.h(767): warning C4838: conversion from 'double' to 'const GLfloat' requires a narrowing conversion
i:\grafika\grafzaj07\grafzaj06\colorsr.h(767): warning C4305: 'initializing': truncation from 'double' to 'const GLfloat'
i:\grafika\grafzaj07\grafzaj06\colorsr.h(774): warning C4838: conversion from 'double' to 'const GLfloat' requires a narrowing conversion
i:\grafika\grafzaj07\grafzaj06\colorsr.h(774): warning C4305: 'initializing': truncation from 'double' to 'const GLfloat'
i:\grafika\grafzaj07\grafzaj06\colorsr.h(781): warning C4838: conversion from 'double' to 'const GLfloat' requires a narrowing conversion
i:\grafika\grafzaj07\grafzaj06\colorsr.h(781): warning C4305: 'initializing': truncation from 'double' to 'const GLfloat'
i:\grafika\grafzaj07\grafzaj06\colorsr.h(788): warning C4838: conversion from 'double' to 'const GLfloat' requires a narrowing conversion
i:\grafika\grafzaj07\grafzaj06\colorsr.h(788): warning C4305: 'initializing': truncation from 'double' to 'const GLfloat'
i:\grafika\grafzaj07\grafzaj06\colorsr.h(795): warning C4838: conversion from 'double' to 'const GLfloat' requires a narrowing conversion
i:\grafika\grafzaj07\grafzaj06\colorsr.h(795): warning C4305: 'initializing': truncation from 'double' to 'const GLfloat'
i:\grafika\grafzaj07\grafzaj06\colorsr.h(802): warning C4838: conversion from 'double' to 'const GLfloat' requires a narrowing conversion
i:\grafika\grafzaj07\grafzaj06\colorsr.h(802): warning C4305: 'initializing': truncation from 'double' to 'const GLfloat'
i:\grafika\grafzaj07\grafzaj06\colorsr.h(816): warning C4838: conversion from 'double' to 'const GLfloat' requires a narrowing conversion
i:\grafika\grafzaj07\grafzaj06\colorsr.h(816): warning C4305: 'initializing': truncation from 'double' to 'const GLfloat'
i:\grafika\grafzaj07\grafzaj06\colorsr.h(823): warning C4838: conversion from 'double' to 'const GLfloat' requires a narrowing conversion
i:\grafika\grafzaj07\grafzaj06\colorsr.h(823): warning C4305: 'initializing': truncation from 'double' to 'const GLfloat'
i:\grafika\grafzaj07\grafzaj06\colorsr.h(828): warning C4838: conversion from 'double' to 'const GLfloat' requires a narrowing conversion
i:\grafika\grafzaj07\grafzaj06\colorsr.h(828): warning C4305: 'initializing': truncation from 'double' to 'const GLfloat'
i:\grafika\grafzaj07\grafzaj06\colorsr.h(840): warning C4838: conversion from 'double' to 'const GLfloat' requires a narrowing conversion
i:\grafika\grafzaj07\grafzaj06\colorsr.h(840): warning C4305: 'initializing': truncation from 'double' to 'const GLfloat'
i:\grafika\grafzaj07\grafzaj06\colorsr.h(854): warning C4838: conversion from 'double' to 'const GLfloat' requires a narrowing conversion
i:\grafika\grafzaj07\grafzaj06\colorsr.h(854): warning C4305: 'initializing': truncation from 'double' to 'const GLfloat'
i:\grafika\grafzaj07\grafzaj06\grafzaj07.cpp(84): warning C4305: 'argument': truncation from 'double' to 'GLfloat'
i:\grafika\grafzaj07\grafzaj06\grafzaj07.cpp(175): warning C4305: 'argument': truncation from 'double' to 'GLfloat'
i:\grafika\grafzaj07\grafzaj06\grafzaj07.cpp(176): warning C4305: 'argument': truncation from 'double' to 'GLfloat'
i:\grafika\grafzaj07\grafzaj06\grafzaj07.cpp(177): warning C4305: 'argument': truncation from 'double' to 'GLfloat'
i:\grafika\grafzaj07\grafzaj06\grafzaj07.cpp(178): warning C4305: 'argument': truncation from 'double' to 'GLfloat'
i:\grafika\grafzaj07\grafzaj06\grafzaj07.cpp(194): warning C4305: 'argument': truncation from 'double' to 'GLfloat'
i:\grafika\grafzaj07\grafzaj06\grafzaj07.cpp(195): warning C4305: 'argument': truncation from 'double' to 'GLfloat'
i:\grafika\grafzaj07\grafzaj06\grafzaj07.cpp(196): warning C4305: 'argument': truncation from 'double' to 'GLfloat'
i:\grafika\grafzaj07\grafzaj06\grafzaj07.cpp(198): warning C4305: 'argument': truncation from 'double' to 'GLfloat'
i:\grafika\grafzaj07\grafzaj06\grafzaj07.cpp(199): warning C4305: 'argument': truncation from 'double' to 'GLfloat'
i:\grafika\grafzaj07\grafzaj06\grafzaj07.cpp(200): warning C4305: 'argument': truncation from 'double' to 'GLfloat'
i:\grafika\grafzaj07\grafzaj06\grafzaj07.cpp(202): warning C4305: 'argument': truncation from 'double' to 'GLfloat'
i:\grafika\grafzaj07\grafzaj06\grafzaj07.cpp(203): warning C4305: 'argument': truncation from 'double' to 'GLfloat'
i:\grafika\grafzaj07\grafzaj06\grafzaj07.cpp(204): warning C4305: 'argument': truncation from 'double' to 'GLfloat'
i:\grafika\grafzaj07\grafzaj06\grafzaj07.cpp(206): warning C4305: 'argument': truncation from 'double' to 'GLfloat'
i:\grafika\grafzaj07\grafzaj06\grafzaj07.cpp(207): warning C4305: 'argument': truncation from 'double' to 'GLfloat'
i:\grafika\grafzaj07\grafzaj06\grafzaj07.cpp(208): warning C4305: 'argument': truncation from 'double' to 'GLfloat'
i:\grafika\grafzaj07\grafzaj06\grafzaj07.cpp(212): warning C4305: 'argument': truncation from 'double' to 'GLfloat'
i:\grafika\grafzaj07\grafzaj06\grafzaj07.cpp(213): warning C4305: 'argument': truncation from 'double' to 'GLfloat'
i:\grafika\grafzaj07\grafzaj06\grafzaj07.cpp(214): warning C4305: 'argument': truncation from 'double' to 'GLfloat'
i:\grafika\grafzaj07\grafzaj06\grafzaj07.cpp(215): warning C4305: 'argument': truncation from 'double' to 'GLfloat'
i:\grafika\grafzaj07\grafzaj06\grafzaj07.cpp(303): warning C4244: '+=': conversion from 'double' to 'GLfloat', possible loss of data
i:\grafika\grafzaj07\grafzaj06\grafzaj07.cpp(305): warning C4244: '-=': conversion from 'double' to 'GLfloat', possible loss of data
  GrafZaj06.vcxproj -> I:\Grafika\GrafZaj07\Debug\GrafZaj07.exe
